<?xml version="1.0" encoding="UTF-8"?>
<coverage generated="1664643000676" clover="3.2.0">
  <project timestamp="1664643000676" name="All files">
    <metrics statements="19" coveredstatements="19" conditionals="5" coveredconditionals="3" methods="3" coveredmethods="2" elements="27" coveredelements="24" complexity="0" loc="19" ncloc="19" packages="2" files="2" classes="2"/>
    <package name="services">
      <metrics statements="16" coveredstatements="16" conditionals="5" coveredconditionals="3" methods="3" coveredmethods="2"/>
      <file name="pumpRecordService.ts" path="/Users/radovan/Code/assignment-rs1/src/services/pumpRecordService.ts">
        <metrics statements="16" coveredstatements="16" conditionals="5" coveredconditionals="3" methods="3" coveredmethods="2"/>
        <line num="1" count="1" type="stmt"/>
        <line num="7" count="1" type="stmt"/>
        <line num="21" count="2" type="stmt"/>
        <line num="23" count="2" type="stmt"/>
        <line num="25" count="2" type="stmt"/>
        <line num="27" count="2" type="stmt"/>
        <line num="28" count="6" type="stmt"/>
        <line num="30" count="6" type="stmt"/>
        <line num="32" count="6" type="cond" truecount="2" falsecount="0"/>
        <line num="36" count="6" type="cond" truecount="0" falsecount="1"/>
        <line num="38" count="6" type="stmt"/>
        <line num="41" count="6" type="cond" truecount="1" falsecount="1"/>
        <line num="45" count="6" type="stmt"/>
        <line num="47" count="6" type="stmt"/>
        <line num="49" count="6" type="stmt"/>
        <line num="52" count="2" type="stmt"/>
      </file>
    </package>
    <package name="tests.unit">
      <metrics statements="3" coveredstatements="3" conditionals="0" coveredconditionals="0" methods="0" coveredmethods="0"/>
      <file name="calculatePumpedVolume.testCases.ts" path="/Users/radovan/Code/assignment-rs1/src/tests/unit/calculatePumpedVolume.testCases.ts">
        <metrics statements="3" coveredstatements="3" conditionals="0" coveredconditionals="0" methods="0" coveredmethods="0"/>
        <line num="3" count="1" type="stmt"/>
        <line num="20" count="1" type="stmt"/>
        <line num="50" count="1" type="stmt"/>
      </file>
    </package>
  </project>
</coverage>
