{"/Users/radovan/Code/assignment-rs1/src/models/PumpRecord.ts": {"path":"/Users/radovan/Code/assignment-rs1/src/models/PumpRecord.ts","statementMap":{"0":{"start":{"line":1,"column":0},"end":{"line":1,"column":32}},"1":{"start":{"line":4,"column":25},"end":{"line":21,"column":2}},"2":{"start":{"line":23,"column":13},"end":{"line":26,"column":2}}},"fnMap":{},"branchMap":{},"s":{"0":1,"1":1,"2":1},"f":{},"b":{}}
,"/Users/radovan/Code/assignment-rs1/src/models/Tank.ts": {"path":"/Users/radovan/Code/assignment-rs1/src/models/Tank.ts","statementMap":{"0":{"start":{"line":1,"column":0},"end":{"line":1,"column":32}},"1":{"start":{"line":4,"column":19},"end":{"line":23,"column":null}},"2":{"start":{"line":26,"column":13},"end":{"line":26,"column":66}}},"fnMap":{},"branchMap":{},"s":{"0":1,"1":1,"2":1},"f":{},"b":{}}
,"/Users/radovan/Code/assignment-rs1/src/services/pumpRecordService.ts": {"path":"/Users/radovan/Code/assignment-rs1/src/services/pumpRecordService.ts","statementMap":{"0":{"start":{"line":1,"column":0},"end":{"line":1,"column":44}},"1":{"start":{"line":4,"column":0},"end":{"line":4,"column":55}},"2":{"start":{"line":5,"column":0},"end":{"line":5,"column":49}},"3":{"start":{"line":6,"column":0},"end":{"line":6,"column":44}},"4":{"start":{"line":9,"column":7},"end":{"line":90,"column":null}},"5":{"start":{"line":14,"column":24},"end":{"line":14,"column":50}},"6":{"start":{"line":16,"column":17},"end":{"line":16,"column":54}},"7":{"start":{"line":18,"column":4},"end":{"line":20,"column":null}},"8":{"start":{"line":19,"column":6},"end":{"line":19,"column":53}},"9":{"start":{"line":22,"column":33},"end":{"line":26,"column":6}},"10":{"start":{"line":28,"column":23},"end":{"line":33,"column":6}},"11":{"start":{"line":35,"column":4},"end":{"line":35,"column":22}},"12":{"start":{"line":52,"column":29},"end":{"line":54,"column":null}},"13":{"start":{"line":54,"column":10},"end":{"line":54,"column":78}},"14":{"start":{"line":57,"column":6},"end":{"line":57,"column":47}},"15":{"start":{"line":57,"column":27},"end":{"line":57,"column":47}},"16":{"start":{"line":59,"column":27},"end":{"line":59,"column":68}},"17":{"start":{"line":62,"column":8},"end":{"line":64,"column":49}},"18":{"start":{"line":67,"column":8},"end":{"line":67,"column":62}},"19":{"start":{"line":69,"column":24},"end":{"line":69,"column":50}},"20":{"start":{"line":71,"column":26},"end":{"line":72,"column":null}},"21":{"start":{"line":72,"column":28},"end":{"line":72,"column":50}},"22":{"start":{"line":75,"column":32},"end":{"line":75,"column":62}},"23":{"start":{"line":77,"column":6},"end":{"line":79,"column":null}},"24":{"start":{"line":78,"column":8},"end":{"line":78,"column":92}},"25":{"start":{"line":80,"column":6},"end":{"line":80,"column":31}},"26":{"start":{"line":83,"column":33},"end":{"line":85,"column":null}},"27":{"start":{"line":88,"column":4},"end":{"line":88,"column":32}},"28":{"start":{"line":9,"column":13},"end":{"line":90,"column":null}},"29":{"start":{"line":9,"column":13},"end":{"line":9,"column":30}}},"fnMap":{"0":{"name":"(anonymous_14)","decl":{"start":{"line":10,"column":8},"end":{"line":10,"column":24}},"loc":{"start":{"line":12,"column":57},"end":{"line":36,"column":null}}},"1":{"name":"(anonymous_16)","decl":{"start":{"line":38,"column":15},"end":{"line":38,"column":36}},"loc":{"start":{"line":46,"column":3},"end":{"line":89,"column":null}}},"2":{"name":"calculatePumpedVolumeFromSegments","decl":{"start":{"line":47,"column":13},"end":{"line":47,"column":46}},"loc":{"start":{"line":50,"column":22},"end":{"line":81,"column":5}}},"3":{"name":"(anonymous_19)","decl":{"start":{"line":53,"column":8},"end":{"line":53,"column":9}},"loc":{"start":{"line":54,"column":10},"end":{"line":54,"column":78}}},"4":{"name":"(anonymous_20)","decl":{"start":{"line":72,"column":8},"end":{"line":72,"column":9}},"loc":{"start":{"line":72,"column":28},"end":{"line":72,"column":50}}}},"branchMap":{"0":{"loc":{"start":{"line":18,"column":4},"end":{"line":20,"column":null}},"type":"if","locations":[{"start":{"line":18,"column":4},"end":{"line":20,"column":null}}]},"1":{"loc":{"start":{"line":50,"column":6},"end":{"line":50,"column":22}},"type":"default-arg","locations":[{"start":{"line":50,"column":21},"end":{"line":50,"column":22}}]},"2":{"loc":{"start":{"line":54,"column":10},"end":{"line":54,"column":78}},"type":"binary-expr","locations":[{"start":{"line":54,"column":10},"end":{"line":54,"column":43}},{"start":{"line":54,"column":47},"end":{"line":54,"column":78}}]},"3":{"loc":{"start":{"line":57,"column":6},"end":{"line":57,"column":47}},"type":"if","locations":[{"start":{"line":57,"column":6},"end":{"line":57,"column":47}}]},"4":{"loc":{"start":{"line":62,"column":8},"end":{"line":64,"column":49}},"type":"cond-expr","locations":[{"start":{"line":63,"column":12},"end":{"line":63,"column":33}},{"start":{"line":64,"column":12},"end":{"line":64,"column":49}}]},"5":{"loc":{"start":{"line":77,"column":6},"end":{"line":79,"column":null}},"type":"if","locations":[{"start":{"line":77,"column":6},"end":{"line":79,"column":null}}]}},"s":{"0":1,"1":1,"2":1,"3":1,"4":1,"5":0,"6":0,"7":0,"8":0,"9":0,"10":0,"11":0,"12":14,"13":13,"14":14,"15":4,"16":10,"17":10,"18":10,"19":10,"20":10,"21":24,"22":10,"23":10,"24":10,"25":0,"26":4,"27":4,"28":1,"29":1},"f":{"0":0,"1":4,"2":14,"3":13,"4":24},"b":{"0":[0],"1":[4],"2":[13,12],"3":[4],"4":[4,6],"5":[10]}}
,"/Users/radovan/Code/assignment-rs1/src/services/tankService.ts": {"path":"/Users/radovan/Code/assignment-rs1/src/services/tankService.ts","statementMap":{"0":{"start":{"line":1,"column":0},"end":{"line":1,"column":33}},"1":{"start":{"line":6,"column":0},"end":{"line":6,"column":43}},"2":{"start":{"line":9,"column":7},"end":{"line":46,"column":null}},"3":{"start":{"line":11,"column":23},"end":{"line":11,"column":60}},"4":{"start":{"line":12,"column":4},"end":{"line":12,"column":22}},"5":{"start":{"line":16,"column":17},"end":{"line":16,"column":57}},"6":{"start":{"line":17,"column":4},"end":{"line":17,"column":16}},"7":{"start":{"line":22,"column":6},"end":{"line":22,"column":23}},"8":{"start":{"line":24,"column":30},"end":{"line":35,"column":null}},"9":{"start":{"line":38,"column":4},"end":{"line":38,"column":29}},"10":{"start":{"line":42,"column":21},"end":{"line":42,"column":45}},"11":{"start":{"line":44,"column":4},"end":{"line":44,"column":20}},"12":{"start":{"line":9,"column":13},"end":{"line":46,"column":null}},"13":{"start":{"line":9,"column":13},"end":{"line":9,"column":24}}},"fnMap":{"0":{"name":"(anonymous_8)","decl":{"start":{"line":10,"column":8},"end":{"line":10,"column":18}},"loc":{"start":{"line":10,"column":47},"end":{"line":13,"column":null}}},"1":{"name":"(anonymous_10)","decl":{"start":{"line":15,"column":8},"end":{"line":15,"column":19}},"loc":{"start":{"line":15,"column":34},"end":{"line":18,"column":null}}},"2":{"name":"(anonymous_12)","decl":{"start":{"line":20,"column":8},"end":{"line":20,"column":22}},"loc":{"start":{"line":20,"column":75},"end":{"line":39,"column":null}}},"3":{"name":"(anonymous_14)","decl":{"start":{"line":41,"column":8},"end":{"line":41,"column":19}},"loc":{"start":{"line":41,"column":19},"end":{"line":45,"column":null}}}},"branchMap":{},"s":{"0":1,"1":1,"2":1,"3":0,"4":0,"5":0,"6":0,"7":0,"8":0,"9":0,"10":0,"11":0,"12":1,"13":1},"f":{"0":0,"1":0,"2":0,"3":0},"b":{}}
,"/Users/radovan/Code/assignment-rs1/src/tests/unit/calculatePumpedVolume.testCases.ts": {"path":"/Users/radovan/Code/assignment-rs1/src/tests/unit/calculatePumpedVolume.testCases.ts","statementMap":{"0":{"start":{"line":3,"column":18},"end":{"line":14,"column":2}},"1":{"start":{"line":16,"column":18},"end":{"line":37,"column":2}},"2":{"start":{"line":42,"column":13},"end":{"line":47,"column":2}}},"fnMap":{},"branchMap":{},"s":{"0":1,"1":1,"2":1},"f":{},"b":{}}
,"/Users/radovan/Code/assignment-rs1/src/types/statusCodes.ts": {"path":"/Users/radovan/Code/assignment-rs1/src/types/statusCodes.ts","statementMap":{"0":{"start":{"line":1,"column":0},"end":{"line":1,"column":null}},"1":{"start":{"line":2,"column":2},"end":{"line":2,"column":null}},"2":{"start":{"line":3,"column":2},"end":{"line":3,"column":null}},"3":{"start":{"line":4,"column":2},"end":{"line":4,"column":null}},"4":{"start":{"line":5,"column":2},"end":{"line":5,"column":null}},"5":{"start":{"line":6,"column":2},"end":{"line":6,"column":null}}},"fnMap":{"0":{"name":"(anonymous_0)","decl":{"start":{"line":1,"column":0},"end":{"line":1,"column":12}},"loc":{"start":{"line":1,"column":22},"end":{"line":7,"column":1}}}},"branchMap":{"0":{"loc":{"start":{"line":1,"column":12},"end":{"line":1,"column":null}},"type":"binary-expr","locations":[{"start":{"line":1,"column":12},"end":{"line":1,"column":22}},{"start":{"line":1,"column":12},"end":{"line":1,"column":null}}]}},"s":{"0":1,"1":1,"2":1,"3":1,"4":1,"5":1},"f":{"0":1},"b":{"0":[1,1]}}
,"/Users/radovan/Code/assignment-rs1/src/utils/error/errors.ts": {"path":"/Users/radovan/Code/assignment-rs1/src/utils/error/errors.ts","statementMap":{"0":{"start":{"line":1,"column":0},"end":{"line":1,"column":53}},"1":{"start":{"line":7,"column":4},"end":{"line":7,"column":19}},"2":{"start":{"line":8,"column":4},"end":{"line":8,"column":33}},"3":{"start":{"line":3,"column":0},"end":{"line":3,"column":13}},"4":{"start":{"line":14,"column":4},"end":{"line":14,"column":40}},"5":{"start":{"line":12,"column":0},"end":{"line":12,"column":13}},"6":{"start":{"line":20,"column":4},"end":{"line":20,"column":44}},"7":{"start":{"line":18,"column":0},"end":{"line":18,"column":13}}},"fnMap":{"0":{"name":"(anonymous_0)","decl":{"start":{"line":6,"column":2},"end":{"line":6,"column":14}},"loc":{"start":{"line":6,"column":48},"end":{"line":9,"column":3}}},"1":{"name":"(anonymous_1)","decl":{"start":{"line":13,"column":2},"end":{"line":13,"column":14}},"loc":{"start":{"line":13,"column":35},"end":{"line":15,"column":3}}},"2":{"name":"(anonymous_2)","decl":{"start":{"line":19,"column":2},"end":{"line":19,"column":14}},"loc":{"start":{"line":19,"column":38},"end":{"line":21,"column":3}}}},"branchMap":{"0":{"loc":{"start":{"line":6,"column":32},"end":{"line":6,"column":48}},"type":"default-arg","locations":[{"start":{"line":6,"column":45},"end":{"line":6,"column":48}}]},"1":{"loc":{"start":{"line":13,"column":14},"end":{"line":13,"column":35}},"type":"default-arg","locations":[{"start":{"line":13,"column":24},"end":{"line":13,"column":35}}]},"2":{"loc":{"start":{"line":19,"column":14},"end":{"line":19,"column":38}},"type":"default-arg","locations":[{"start":{"line":19,"column":24},"end":{"line":19,"column":38}}]}},"s":{"0":1,"1":0,"2":0,"3":1,"4":0,"5":1,"6":0,"7":1},"f":{"0":0,"1":0,"2":0},"b":{"0":[0],"1":[0],"2":[0]}}
}
