{"/Users/radovan/Code/assignment-rs1/src/models/PumpRecord.ts": {"path":"/Users/radovan/Code/assignment-rs1/src/models/PumpRecord.ts","statementMap":{"0":{"start":{"line":1,"column":0},"end":{"line":1,"column":32}},"1":{"start":{"line":4,"column":25},"end":{"line":21,"column":2}},"2":{"start":{"line":23,"column":13},"end":{"line":26,"column":2}}},"fnMap":{},"branchMap":{},"s":{"0":1,"1":1,"2":1},"f":{},"b":{}}
,"/Users/radovan/Code/assignment-rs1/src/services/pumpRecordService.ts": {"path":"/Users/radovan/Code/assignment-rs1/src/services/pumpRecordService.ts","statementMap":{"0":{"start":{"line":1,"column":0},"end":{"line":1,"column":44}},"1":{"start":{"line":4,"column":0},"end":{"line":4,"column":55}},"2":{"start":{"line":5,"column":0},"end":{"line":5,"column":49}},"3":{"start":{"line":6,"column":0},"end":{"line":6,"column":44}},"4":{"start":{"line":9,"column":7},"end":{"line":81,"column":null}},"5":{"start":{"line":15,"column":24},"end":{"line":15,"column":50}},"6":{"start":{"line":17,"column":17},"end":{"line":17,"column":54}},"7":{"start":{"line":19,"column":4},"end":{"line":21,"column":null}},"8":{"start":{"line":20,"column":6},"end":{"line":20,"column":53}},"9":{"start":{"line":23,"column":33},"end":{"line":27,"column":6}},"10":{"start":{"line":29,"column":23},"end":{"line":34,"column":6}},"11":{"start":{"line":36,"column":4},"end":{"line":36,"column":22}},"12":{"start":{"line":48,"column":31},"end":{"line":48,"column":32}},"13":{"start":{"line":50,"column":20},"end":{"line":50,"column":34}},"14":{"start":{"line":52,"column":30},"end":{"line":52,"column":43}},"15":{"start":{"line":54,"column":4},"end":{"line":77,"column":null}},"16":{"start":{"line":55,"column":31},"end":{"line":55,"column":40}},"17":{"start":{"line":57,"column":29},"end":{"line":60,"column":null}},"18":{"start":{"line":59,"column":10},"end":{"line":60,"column":51}},"19":{"start":{"line":63,"column":6},"end":{"line":63,"column":33}},"20":{"start":{"line":63,"column":27},"end":{"line":63,"column":33}},"21":{"start":{"line":65,"column":27},"end":{"line":65,"column":68}},"22":{"start":{"line":68,"column":8},"end":{"line":70,"column":59}},"23":{"start":{"line":72,"column":6},"end":{"line":73,"column":63}},"24":{"start":{"line":74,"column":6},"end":{"line":74,"column":37}},"25":{"start":{"line":76,"column":6},"end":{"line":76,"column":48}},"26":{"start":{"line":79,"column":4},"end":{"line":79,"column":32}},"27":{"start":{"line":9,"column":13},"end":{"line":81,"column":null}},"28":{"start":{"line":9,"column":13},"end":{"line":9,"column":30}}},"fnMap":{"0":{"name":"(anonymous_14)","decl":{"start":{"line":10,"column":8},"end":{"line":10,"column":24}},"loc":{"start":{"line":14,"column":24},"end":{"line":37,"column":null}}},"1":{"name":"(anonymous_16)","decl":{"start":{"line":39,"column":15},"end":{"line":39,"column":36}},"loc":{"start":{"line":47,"column":3},"end":{"line":80,"column":null}}},"2":{"name":"(anonymous_18)","decl":{"start":{"line":58,"column":8},"end":{"line":58,"column":9}},"loc":{"start":{"line":59,"column":10},"end":{"line":60,"column":51}}}},"branchMap":{"0":{"loc":{"start":{"line":19,"column":4},"end":{"line":21,"column":null}},"type":"if","locations":[{"start":{"line":19,"column":4},"end":{"line":21,"column":null}}]},"1":{"loc":{"start":{"line":59,"column":10},"end":{"line":60,"column":51}},"type":"binary-expr","locations":[{"start":{"line":59,"column":10},"end":{"line":59,"column":53}},{"start":{"line":60,"column":10},"end":{"line":60,"column":51}}]},"2":{"loc":{"start":{"line":63,"column":6},"end":{"line":63,"column":33}},"type":"if","locations":[{"start":{"line":63,"column":6},"end":{"line":63,"column":33}}]},"3":{"loc":{"start":{"line":68,"column":8},"end":{"line":70,"column":59}},"type":"cond-expr","locations":[{"start":{"line":69,"column":12},"end":{"line":69,"column":43}},{"start":{"line":70,"column":12},"end":{"line":70,"column":59}}]}},"s":{"0":1,"1":1,"2":1,"3":1,"4":1,"5":0,"6":0,"7":0,"8":0,"9":0,"10":0,"11":0,"12":4,"13":4,"14":4,"15":4,"16":10,"17":10,"18":11,"19":10,"20":0,"21":10,"22":10,"23":10,"24":10,"25":10,"26":4,"27":1,"28":1},"f":{"0":0,"1":4,"2":11},"b":{"0":[0],"1":[11,11],"2":[0],"3":[4,6]}}
}
