TN:
SF:src/models/PumpRecord.ts
FNF:0
FNH:0
DA:1,1
DA:4,1
DA:23,1
LF:3
LH:3
BRF:0
BRH:0
end_of_record
TN:
SF:src/models/Tank.ts
FNF:0
FNH:0
DA:1,1
DA:4,1
DA:26,1
LF:3
LH:3
BRF:0
BRH:0
end_of_record
TN:
SF:src/services/pumpRecordService.ts
FN:10,(anonymous_14)
FN:38,(anonymous_16)
FN:47,calculatePumpedVolumeFromSegments
FN:53,(anonymous_19)
FN:72,(anonymous_20)
FNF:5
FNH:4
FNDA:0,(anonymous_14)
FNDA:4,(anonymous_16)
FNDA:14,calculatePumpedVolumeFromSegments
FNDA:13,(anonymous_19)
FNDA:24,(anonymous_20)
DA:1,1
DA:4,1
DA:5,1
DA:6,1
DA:9,1
DA:14,0
DA:16,0
DA:18,0
DA:19,0
DA:22,0
DA:28,0
DA:35,0
DA:52,14
DA:54,13
DA:57,14
DA:59,10
DA:62,10
DA:67,10
DA:69,10
DA:71,10
DA:72,24
DA:75,10
DA:77,10
DA:78,10
DA:80,0
DA:83,4
DA:88,4
LF:27
LH:19
BRDA:18,0,0,0
BRDA:50,1,0,4
BRDA:54,2,0,13
BRDA:54,2,1,12
BRDA:57,3,0,4
BRDA:62,4,0,4
BRDA:62,4,1,6
BRDA:77,5,0,10
BRF:8
BRH:7
end_of_record
TN:
SF:src/services/tankService.ts
FN:10,(anonymous_8)
FN:15,(anonymous_10)
FN:20,(anonymous_12)
FN:41,(anonymous_14)
FNF:4
FNH:0
FNDA:0,(anonymous_8)
FNDA:0,(anonymous_10)
FNDA:0,(anonymous_12)
FNDA:0,(anonymous_14)
DA:1,1
DA:6,1
DA:9,1
DA:11,0
DA:12,0
DA:16,0
DA:17,0
DA:22,0
DA:24,0
DA:38,0
DA:42,0
DA:44,0
LF:12
LH:3
BRF:0
BRH:0
end_of_record
TN:
SF:src/tests/unit/calculatePumpedVolume.testCases.ts
FNF:0
FNH:0
DA:3,1
DA:16,1
DA:42,1
LF:3
LH:3
BRF:0
BRH:0
end_of_record
TN:
SF:src/types/statusCodes.ts
FN:1,(anonymous_0)
FNF:1
FNH:1
FNDA:1,(anonymous_0)
DA:1,1
DA:2,1
DA:3,1
DA:4,1
DA:5,1
DA:6,1
LF:6
LH:6
BRDA:1,0,0,1
BRDA:1,0,1,1
BRF:2
BRH:2
end_of_record
TN:
SF:src/utils/error/errors.ts
FN:6,(anonymous_0)
FN:13,(anonymous_1)
FN:19,(anonymous_2)
FNF:3
FNH:0
FNDA:0,(anonymous_0)
FNDA:0,(anonymous_1)
FNDA:0,(anonymous_2)
DA:1,1
DA:3,1
DA:7,0
DA:8,0
DA:12,1
DA:14,0
DA:18,1
DA:20,0
LF:8
LH:4
BRDA:6,0,0,0
BRDA:13,1,0,0
BRDA:19,2,0,0
BRF:3
BRH:0
end_of_record
