TN:
SF:src/models/PumpRecord.ts
FNF:0
FNH:0
DA:1,1
DA:4,1
DA:23,1
LF:3
LH:3
BRF:0
BRH:0
end_of_record
TN:
SF:src/services/pumpRecordService.ts
FN:10,(anonymous_14)
FN:39,(anonymous_16)
FN:58,(anonymous_18)
FNF:3
FNH:2
FNDA:0,(anonymous_14)
FNDA:4,(anonymous_16)
FNDA:11,(anonymous_18)
DA:1,1
DA:4,1
DA:5,1
DA:6,1
DA:9,1
DA:15,0
DA:17,0
DA:19,0
DA:20,0
DA:23,0
DA:29,0
DA:36,0
DA:48,4
DA:50,4
DA:52,4
DA:54,4
DA:55,10
DA:57,10
DA:59,11
DA:63,10
DA:65,10
DA:68,10
DA:72,10
DA:74,10
DA:76,10
DA:79,4
LF:26
LH:19
BRDA:19,0,0,0
BRDA:59,1,0,11
BRDA:59,1,1,11
BRDA:63,2,0,0
BRDA:68,3,0,4
BRDA:68,3,1,6
BRF:6
BRH:4
end_of_record
